$ storybook build --output-dir /var/folders/p6/_jy68w6n7cdc91yktkvlc0w40000gn/T/chromatic--8370-wYIJWONzbROX
@storybook/cli v7.0.6

info => Cleaning outputDir: /var/folders/p6/_jy68w6n7cdc91yktkvlc0w40000gn/T/chromatic--8370-wYIJWONzbROX
info => Loading presets
info => Building manager..
info => Manager built (89 ms)
info => Copying static files: /Users/mahmoudhassan/Desktop/taskbox/node_modules/@storybook/manager/static at /var/folders/p6/_jy68w6n7cdc91yktkvlc0w40000gn/T/chromatic--8370-wYIJWONzbROX/sb-common-assets
info => Copying static files: /Users/mahmoudhassan/Desktop/taskbox/public at /var/folders/p6/_jy68w6n7cdc91yktkvlc0w40000gn/T/chromatic--8370-wYIJWONzbROX/
vite v4.2.2 building for production...

./sb-common-assets/fonts.css doesn't exist at build time, it will remain unchanged to be resolved at runtime
transforming...
Use of eval in "node_modules/telejson/dist/index.mjs" is strongly discouraged as it poses security risks and may cause issues with minification.
Use of eval in "node_modules/telejson/dist/index.mjs" is strongly discouraged as it poses security risks and may cause issues with minification.
✓ 1358 modules transformed.
rendering chunks...
computing gzip size...
../../../../var/folders/p6/_jy68w6n7cdc91yktkvlc0w40000gn/T/chromatic--8370-wYIJWONzbROX/assets/direction-94a9917f.svg                         1.28 kB
../../../../var/folders/p6/_jy68w6n7cdc91yktkvlc0w40000gn/T/chromatic--8370-wYIJWONzbROX/assets/flow-275142c6.svg                              1.39 kB
../../../../var/folders/p6/_jy68w6n7cdc91yktkvlc0w40000gn/T/chromatic--8370-wYIJWONzbROX/assets/code-brackets-9ef6443e.svg                     1.46 kB
../../../../var/folders/p6/_jy68w6n7cdc91yktkvlc0w40000gn/T/chromatic--8370-wYIJWONzbROX/assets/comments-f15a6837.svg                          1.53 kB
../../../../var/folders/p6/_jy68w6n7cdc91yktkvlc0w40000gn/T/chromatic--8370-wYIJWONzbROX/assets/repo-fb4ece47.svg                              1.64 kB
../../../../var/folders/p6/_jy68w6n7cdc91yktkvlc0w40000gn/T/chromatic--8370-wYIJWONzbROX/assets/plugin-57148314.svg                            2.17 kB
../../../../var/folders/p6/_jy68w6n7cdc91yktkvlc0w40000gn/T/chromatic--8370-wYIJWONzbROX/assets/stackalt-2ad81543.svg                          2.55 kB
../../../../var/folders/p6/_jy68w6n7cdc91yktkvlc0w40000gn/T/chromatic--8370-wYIJWONzbROX/assets/colors-ac9401f3.svg                            8.51 kB
../../../../var/folders/p6/_jy68w6n7cdc91yktkvlc0w40000gn/T/chromatic--8370-wYIJWONzbROX/iframe.html                                          12.74 kB
../../../../var/folders/p6/_jy68w6n7cdc91yktkvlc0w40000gn/T/chromatic--8370-wYIJWONzbROX/assets/Header-ba1c286d.css                            0.43 kB │ gzip:   0.29 kB
../../../../var/folders/p6/_jy68w6n7cdc91yktkvlc0w40000gn/T/chromatic--8370-wYIJWONzbROX/assets/Button-19a9a719.css                            0.52 kB │ gzip:   0.29 kB
../../../../var/folders/p6/_jy68w6n7cdc91yktkvlc0w40000gn/T/chromatic--8370-wYIJWONzbROX/assets/Page.stories-f26de90e.css                      0.85 kB │ gzip:   0.38 kB
../../../../var/folders/p6/_jy68w6n7cdc91yktkvlc0w40000gn/T/chromatic--8370-wYIJWONzbROX/assets/preview-1e5c59db.js                            0.19 kB │ gzip:   0.19 kB │ map:     0.60 kB
../../../../var/folders/p6/_jy68w6n7cdc91yktkvlc0w40000gn/T/chromatic--8370-wYIJWONzbROX/assets/index-d475d2ea.js                              0.21 kB │ gzip:   0.17 kB │ map:     0.83 kB
../../../../var/folders/p6/_jy68w6n7cdc91yktkvlc0w40000gn/T/chromatic--8370-wYIJWONzbROX/assets/index-a42a4a37.js                              0.25 kB │ gzip:   0.20 kB │ map:     0.10 kB
../../../../var/folders/p6/_jy68w6n7cdc91yktkvlc0w40000gn/T/chromatic--8370-wYIJWONzbROX/assets/WithTooltip-FBT32F6Q-fbd14752.js               0.42 kB │ gzip:   0.26 kB │ map:     0.11 kB
../../../../var/folders/p6/_jy68w6n7cdc91yktkvlc0w40000gn/T/chromatic--8370-wYIJWONzbROX/assets/syntaxhighlighter-QTQ2UBB4-54b6aa79.js         0.44 kB │ gzip:   0.28 kB │ map:     0.12 kB
../../../../var/folders/p6/_jy68w6n7cdc91yktkvlc0w40000gn/T/chromatic--8370-wYIJWONzbROX/assets/index-4fb8b842.js                              0.53 kB │ gzip:   0.34 kB │ map:     4.28 kB
../../../../var/folders/p6/_jy68w6n7cdc91yktkvlc0w40000gn/T/chromatic--8370-wYIJWONzbROX/assets/react-18-61705542.js                           0.59 kB │ gzip:   0.38 kB │ map:     2.59 kB
../../../../var/folders/p6/_jy68w6n7cdc91yktkvlc0w40000gn/T/chromatic--8370-wYIJWONzbROX/assets/preview-0435c720.js                            0.69 kB │ gzip:   0.49 kB │ map:     3.81 kB
../../../../var/folders/p6/_jy68w6n7cdc91yktkvlc0w40000gn/T/chromatic--8370-wYIJWONzbROX/assets/_commonjsHelpers-042e6b4d.js                   0.78 kB │ gzip:   0.44 kB │ map:     0.11 kB
../../../../var/folders/p6/_jy68w6n7cdc91yktkvlc0w40000gn/T/chromatic--8370-wYIJWONzbROX/assets/preview-12c2bed5.js                            0.79 kB │ gzip:   0.47 kB │ map:     1.25 kB
../../../../var/folders/p6/_jy68w6n7cdc91yktkvlc0w40000gn/T/chromatic--8370-wYIJWONzbROX/assets/index-4d501b15.js                              0.80 kB │ gzip:   0.52 kB │ map:     4.09 kB
../../../../var/folders/p6/_jy68w6n7cdc91yktkvlc0w40000gn/T/chromatic--8370-wYIJWONzbROX/assets/index-356e4a49.js                              0.81 kB │ gzip:   0.51 kB │ map:     3.26 kB
../../../../var/folders/p6/_jy68w6n7cdc91yktkvlc0w40000gn/T/chromatic--8370-wYIJWONzbROX/assets/preview-b1164a2e.js                            0.88 kB │ gzip:   0.58 kB │ map:     2.81 kB
../../../../var/folders/p6/_jy68w6n7cdc91yktkvlc0w40000gn/T/chromatic--8370-wYIJWONzbROX/assets/Header.stories-136eb058.js                     0.92 kB │ gzip:   0.49 kB │ map:     0.11 kB
../../../../var/folders/p6/_jy68w6n7cdc91yktkvlc0w40000gn/T/chromatic--8370-wYIJWONzbROX/assets/jsx-runtime-670450c2.js                        1.06 kB │ gzip:   0.66 kB │ map:     2.28 kB
../../../../var/folders/p6/_jy68w6n7cdc91yktkvlc0w40000gn/T/chromatic--8370-wYIJWONzbROX/assets/DocsRenderer-7FRJXR4N-3caff5e1.js              1.30 kB │ gzip:   0.70 kB │ map:     2.42 kB
../../../../var/folders/p6/_jy68w6n7cdc91yktkvlc0w40000gn/T/chromatic--8370-wYIJWONzbROX/assets/Button-9e973f48.js                             1.48 kB │ gzip:   0.70 kB │ map:     1.88 kB
../../../../var/folders/p6/_jy68w6n7cdc91yktkvlc0w40000gn/T/chromatic--8370-wYIJWONzbROX/assets/Button.stories-cefb59d3.js                     1.55 kB │ gzip:   0.60 kB │ map:     0.13 kB
../../../../var/folders/p6/_jy68w6n7cdc91yktkvlc0w40000gn/T/chromatic--8370-wYIJWONzbROX/assets/Header-5d270be8.js                             1.69 kB │ gzip:   0.83 kB │ map:     3.06 kB
../../../../var/folders/p6/_jy68w6n7cdc91yktkvlc0w40000gn/T/chromatic--8370-wYIJWONzbROX/assets/preview-bb5acd95.js                            2.38 kB │ gzip:   1.26 kB │ map:    10.29 kB
../../../../var/folders/p6/_jy68w6n7cdc91yktkvlc0w40000gn/T/chromatic--8370-wYIJWONzbROX/assets/index-d37d4223.js                              2.63 kB │ gzip:   1.30 kB │ map:     7.46 kB
../../../../var/folders/p6/_jy68w6n7cdc91yktkvlc0w40000gn/T/chromatic--8370-wYIJWONzbROX/assets/preview-f96f0111.js                            3.29 kB │ gzip:   1.41 kB │ map:    10.09 kB
../../../../var/folders/p6/_jy68w6n7cdc91yktkvlc0w40000gn/T/chromatic--8370-wYIJWONzbROX/assets/iframe-7bb0b0cf.js                             5.15 kB │ gzip:   1.77 kB │ map:     5.51 kB
../../../../var/folders/p6/_jy68w6n7cdc91yktkvlc0w40000gn/T/chromatic--8370-wYIJWONzbROX/assets/Introduction-0178830e.js                       6.65 kB │ gzip:   2.21 kB │ map:    11.47 kB
../../../../var/folders/p6/_jy68w6n7cdc91yktkvlc0w40000gn/T/chromatic--8370-wYIJWONzbROX/assets/index-f1f749bf.js                              7.25 kB │ gzip:   2.96 kB │ map:    15.69 kB
../../../../var/folders/p6/_jy68w6n7cdc91yktkvlc0w40000gn/T/chromatic--8370-wYIJWONzbROX/assets/preview-62235626.js                            7.69 kB │ gzip:   1.60 kB │ map:    13.70 kB
../../../../var/folders/p6/_jy68w6n7cdc91yktkvlc0w40000gn/T/chromatic--8370-wYIJWONzbROX/assets/preview-e6f1f377.js                            7.97 kB │ gzip:   3.03 kB │ map:    28.18 kB
../../../../var/folders/p6/_jy68w6n7cdc91yktkvlc0w40000gn/T/chromatic--8370-wYIJWONzbROX/assets/index-078d3f98.js                             10.06 kB │ gzip:   3.66 kB │ map:    26.48 kB
../../../../var/folders/p6/_jy68w6n7cdc91yktkvlc0w40000gn/T/chromatic--8370-wYIJWONzbROX/assets/GlobalScrollAreaStyles-XIHNDKUY-b8a61102.js   10.40 kB │ gzip:   2.34 kB │ map:    15.71 kB
../../../../var/folders/p6/_jy68w6n7cdc91yktkvlc0w40000gn/T/chromatic--8370-wYIJWONzbROX/assets/preview-8e084d2f.js                           11.13 kB │ gzip:   3.76 kB │ map:    41.72 kB
../../../../var/folders/p6/_jy68w6n7cdc91yktkvlc0w40000gn/T/chromatic--8370-wYIJWONzbROX/assets/Color-3YIJY6X7-df65ddd9.js                    30.98 kB │ gzip:  11.62 kB │ map:   112.45 kB
../../../../var/folders/p6/_jy68w6n7cdc91yktkvlc0w40000gn/T/chromatic--8370-wYIJWONzbROX/assets/OverlayScrollbars-VAV6LJAB-2bb145e9.js        58.97 kB │ gzip:  25.28 kB │ map:   277.31 kB
../../../../var/folders/p6/_jy68w6n7cdc91yktkvlc0w40000gn/T/chromatic--8370-wYIJWONzbROX/assets/index-f64090b0.js                            212.67 kB │ gzip:  66.50 kB │ map:   650.52 kB
../../../../var/folders/p6/_jy68w6n7cdc91yktkvlc0w40000gn/T/chromatic--8370-wYIJWONzbROX/assets/config-6c7140a7.js                           213.66 kB │ gzip:  66.39 kB │ map:   802.73 kB
../../../../var/folders/p6/_jy68w6n7cdc91yktkvlc0w40000gn/T/chromatic--8370-wYIJWONzbROX/assets/Page.stories-176b138a.js                     272.87 kB │ gzip:  65.71 kB │ map:   973.38 kB
../../../../var/folders/p6/_jy68w6n7cdc91yktkvlc0w40000gn/T/chromatic--8370-wYIJWONzbROX/assets/index-8bf91de1.js                            503.40 kB │ gzip: 165.69 kB │ map: 1,433.81 kB
../../../../var/folders/p6/_jy68w6n7cdc91yktkvlc0w40000gn/T/chromatic--8370-wYIJWONzbROX/assets/formatter-S4K5WUZV-a49d18c7.js               601.63 kB │ gzip: 185.03 kB │ map: 1,315.97 kB

(!) Some chunks are larger than 500 kBs after minification. Consider:
- Using dynamic import() to code-split the application
- Use build.rollupOptions.output.manualChunks to improve chunking: https://rollupjs.org/configuration-options/#output-manualchunks
- Adjust chunk size limit for this warning via build.chunkSizeWarningLimit.
✓ built in 5.77s
info => Output directory: /var/folders/p6/_jy68w6n7cdc91yktkvlc0w40000gn/T/chromatic--8370-wYIJWONzbROX
